{
  "numFailedTestSuites": 0,
  "numFailedTests": 0,
  "numPassedTestSuites": 1,
  "numPassedTests": 3,
  "numPendingTestSuites": 0,
  "numPendingTests": 0,
  "numRuntimeErrorTestSuites": 0,
  "numTodoTests": 0,
  "numTotalTestSuites": 1,
  "numTotalTests": 3,
  "openHandles": [],
  "snapshot": {
    "added": 0,
    "didUpdate": false,
    "failure": false,
    "filesAdded": 0,
    "filesRemoved": 0,
    "filesRemovedList": [],
    "filesUnmatched": 0,
    "filesUpdated": 0,
    "matched": 0,
    "total": 0,
    "unchecked": 0,
    "uncheckedKeysByFile": [],
    "unmatched": 0,
    "updated": 0
  },
  "startTime": 1778606172917,
  "success": false,
  "testResults": [
    {
      "leaks": false,
      "numFailingTests": 0,
      "numPassingTests": 3,
      "numPendingTests": 0,
      "numTodoTests": 0,
      "openHandles": [],
      "perfStats": {
        "end": 1778606176021,
        "runtime": 2782,
        "slow": false,
        "start": 1778606173239
      },
      "skipped": false,
      "snapshot": {
        "added": 0,
        "fileDeleted": false,
        "matched": 0,
        "unchecked": 0,
        "uncheckedKeys": [],
        "unmatched": 0,
        "updated": 0
      },
      "testFilePath": "D:\\Documentos\\Faculdade\\TCC\\aplicacao\\tcc-2025-1-e-2-ongs-for-all\\OngsForAll\\Projeto\\testes\\unitario\\perfilService.test.ts",
      "testResults": [
        {
          "ancestorTitles": [
            "perfilService formatadores"
          ],
          "duration": 2,
          "failureDetails": [],
          "failureMessages": [],
          "fullName": "perfilService formatadores deve formatar CPF com 11 digitos",
          "invocations": 1,
          "location": null,
          "numPassingAsserts": 1,
          "retryReasons": [],
          "status": "passed",
          "title": "deve formatar CPF com 11 digitos"
        },
        {
          "ancestorTitles": [
            "perfilService formatadores"
          ],
          "duration": 0,
          "failureDetails": [],
          "failureMessages": [],
          "fullName": "perfilService formatadores deve formatar CNPJ com 14 digitos",
          "invocations": 1,
          "location": null,
          "numPassingAsserts": 1,
          "retryReasons": [],
          "status": "passed",
          "title": "deve formatar CNPJ com 14 digitos"
        },
        {
          "ancestorTitles": [
            "perfilService formatadores"
          ],
          "duration": 1,
          "failureDetails": [],
          "failureMessages": [],
          "fullName": "perfilService formatadores deve manter CPF e CNPJ invalidos como foram recebidos",
          "invocations": 1,
          "location": null,
          "numPassingAsserts": 2,
          "retryReasons": [],
          "status": "passed",
          "title": "deve manter CPF e CNPJ invalidos como foram recebidos"
        }
      ],
      "failureMessage": null
    }
  ],
  "wasInterrupted": false
}