{"numFailedTestSuites":1,"numFailedTests":1,"numPassedTestSuites":11,"numPassedTests":32,"numPendingTestSuites":0,"numPendingTests":0,"numRuntimeErrorTestSuites":0,"numTodoTests":0,"numTotalTestSuites":12,"numTotalTests":33,"openHandles":[],"snapshot":{"added":0,"didUpdate":false,"failure":false,"filesAdded":0,"filesRemoved":0,"filesRemovedList":[],"filesUnmatched":0,"filesUpdated":0,"matched":0,"total":0,"unchecked":0,"uncheckedKeysByFile":[],"unmatched":0,"updated":0},"startTime":1747921993761,"success":false,"testResults":[{"assertionResults":[{"ancestorTitles":["Integração - DoacaoController"],"duration":84,"failureDetails":[],"failureMessages":[],"fullName":"Integração - DoacaoController criarDoacao → deve criar e redirecionar","invocations":1,"location":null,"numPassingAsserts":6,"retryReasons":[],"status":"passed","title":"criarDoacao → deve criar e redirecionar"},{"ancestorTitles":["Integração - DoacaoController"],"duration":8,"failureDetails":[],"failureMessages":[],"fullName":"Integração - DoacaoController renderNovaDoacaoPage → deve exibir formulário com lista de ONGs","invocations":1,"location":null,"numPassingAsserts":2,"retryReasons":[],"status":"passed","title":"renderNovaDoacaoPage → deve exibir formulário com lista de ONGs"},{"ancestorTitles":["Integração - DoacaoController"],"duration":7,"failureDetails":[],"failureMessages":[],"fullName":"Integração - DoacaoController listarHistoricoDoacoes → deve exibir doações do usuário","invocations":1,"location":null,"numPassingAsserts":4,"retryReasons":[],"status":"passed","title":"listarHistoricoDoacoes → deve exibir doações do usuário"}],"endTime":1747922001152,"message":"","name":"C:\\Users\\vinic\\.vscode\\projetos-pi-grupo-l\\PI6\\Projeto\\testes\\integrado\\doacaoController.int.test.ts","startTime":1747921995122,"status":"passed","summary":""},{"assertionResults":[{"ancestorTitles":["Teste integrado - perfilController"],"duration":354,"failureDetails":[],"failureMessages":[],"fullName":"Teste integrado - perfilController deve atualizar o perfil com sucesso","invocations":1,"location":null,"numPassingAsserts":5,"retryReasons":[],"status":"passed","title":"deve atualizar o perfil com sucesso"},{"ancestorTitles":["Teste integrado - perfilController"],"duration":54,"failureDetails":[],"failureMessages":[],"fullName":"Teste integrado - perfilController deve exibir mensagem de erro com senha inválida","invocations":1,"location":null,"numPassingAsserts":2,"retryReasons":[],"status":"passed","title":"deve exibir mensagem de erro com senha inválida"},{"ancestorTitles":["Teste integrado - perfilController"],"duration":5,"failureDetails":[],"failureMessages":[],"fullName":"Teste integrado - perfilController deve renderizar a página de editar perfil com dados da sessão","invocations":1,"location":null,"numPassingAsserts":3,"retryReasons":[],"status":"passed","title":"deve renderizar a página de editar perfil com dados da sessão"}],"endTime":1747922001308,"message":"","name":"C:\\Users\\vinic\\.vscode\\projetos-pi-grupo-l\\PI6\\Projeto\\testes\\integrado\\perfilController.int.test.ts","startTime":1747921995122,"status":"passed","summary":""},{"assertionResults":[{"ancestorTitles":["Integração - loginUser"],"duration":187,"failureDetails":[],"failureMessages":[],"fullName":"Integração - loginUser Deve logar com sucesso e redirecionar para /dashboard","invocations":1,"location":null,"numPassingAsserts":2,"retryReasons":[],"status":"passed","title":"Deve logar com sucesso e redirecionar para /dashboard"},{"ancestorTitles":["Integração - loginUser"],"duration":108,"failureDetails":[],"failureMessages":[],"fullName":"Integração - loginUser Deve retornar erro com senha incorreta","invocations":1,"location":null,"numPassingAsserts":2,"retryReasons":[],"status":"passed","title":"Deve retornar erro com senha incorreta"}],"endTime":1747922001438,"message":"","name":"C:\\Users\\vinic\\.vscode\\projetos-pi-grupo-l\\PI6\\Projeto\\testes\\integrado\\authLogin.int.test.ts","startTime":1747921995122,"status":"passed","summary":""},{"assertionResults":[{"ancestorTitles":["Integração - HomeController"],"duration":36,"failureDetails":[],"failureMessages":[],"fullName":"Integração - HomeController Deve renderizar a página inicial com sucesso","invocations":1,"location":null,"numPassingAsserts":2,"retryReasons":[],"status":"passed","title":"Deve renderizar a página inicial com sucesso"}],"endTime":1747922001948,"message":"","name":"C:\\Users\\vinic\\.vscode\\projetos-pi-grupo-l\\PI6\\Projeto\\testes\\integrado\\homeController.int.test.ts","startTime":1747922001455,"status":"passed","summary":""},{"assertionResults":[{"ancestorTitles":["Integração - renderDashBoardPage"],"duration":22,"failureDetails":[],"failureMessages":[],"fullName":"Integração - renderDashBoardPage Deve retornar o dashboard com os dados dos gráficos","invocations":1,"location":null,"numPassingAsserts":5,"retryReasons":[],"status":"passed","title":"Deve retornar o dashboard com os dados dos gráficos"}],"endTime":1747922001968,"message":"","name":"C:\\Users\\vinic\\.vscode\\projetos-pi-grupo-l\\PI6\\Projeto\\testes\\integrado\\dashboardController.int.test.ts","startTime":1747922001349,"status":"passed","summary":""},{"assertionResults":[{"ancestorTitles":["Integração - registerUser"],"duration":172,"failureDetails":[{"matcherResult":{"actual":400,"expected":302,"message":"\u001b[2mexpect(\u001b[22m\u001b[31mreceived\u001b[39m\u001b[2m).\u001b[22mtoBe\u001b[2m(\u001b[22m\u001b[32mexpected\u001b[39m\u001b[2m) // Object.is equality\u001b[22m\n\nExpected: \u001b[32m302\u001b[39m\nReceived: \u001b[31m400\u001b[39m","name":"toBe","pass":false}}],"failureMessages":["Error: \u001b[2mexpect(\u001b[22m\u001b[31mreceived\u001b[39m\u001b[2m).\u001b[22mtoBe\u001b[2m(\u001b[22m\u001b[32mexpected\u001b[39m\u001b[2m) // Object.is equality\u001b[22m\n\nExpected: \u001b[32m302\u001b[39m\nReceived: \u001b[31m400\u001b[39m\n    at Object.<anonymous> (C:\\Users\\vinic\\.vscode\\projetos-pi-grupo-l\\PI6\\Projeto\\testes\\integrado\\authController.int.test.ts:52:33)\n    at processTicksAndRejections (node:internal/process/task_queues:105:5)"],"fullName":"Integração - registerUser Deve cadastrar um novo usuário com sucesso","invocations":1,"location":null,"numPassingAsserts":0,"retryReasons":[],"status":"failed","title":"Deve cadastrar um novo usuário com sucesso"}],"endTime":1747922002000,"message":"\u001b[1m\u001b[31m  \u001b[1m● \u001b[22m\u001b[1mIntegração - registerUser › Deve cadastrar um novo usuário com sucesso\u001b[39m\u001b[22m\n\n    \u001b[2mexpect(\u001b[22m\u001b[31mreceived\u001b[39m\u001b[2m).\u001b[22mtoBe\u001b[2m(\u001b[22m\u001b[32mexpected\u001b[39m\u001b[2m) // Object.is equality\u001b[22m\n\n    Expected: \u001b[32m302\u001b[39m\n    Received: \u001b[31m400\u001b[39m\n\u001b[2m\u001b[22m\n\u001b[2m    \u001b[0m \u001b[90m 50 |\u001b[39m     })\u001b[22m\n\u001b[2m     \u001b[90m 51 |\u001b[39m\u001b[22m\n\u001b[2m    \u001b[31m\u001b[1m>\u001b[22m\u001b[2m\u001b[39m\u001b[90m 52 |\u001b[39m     expect(response\u001b[33m.\u001b[39mstatusCode)\u001b[33m.\u001b[39mtoBe(\u001b[35m302\u001b[39m)\u001b[22m\n\u001b[2m     \u001b[90m    |\u001b[39m                                 \u001b[31m\u001b[1m^\u001b[22m\u001b[2m\u001b[39m\u001b[22m\n\u001b[2m     \u001b[90m 53 |\u001b[39m     expect(response\u001b[33m.\u001b[39mheaders\u001b[33m.\u001b[39mlocation)\u001b[33m.\u001b[39mtoBe(\u001b[32m'/login'\u001b[39m)\u001b[22m\n\u001b[2m     \u001b[90m 54 |\u001b[39m   })\u001b[22m\n\u001b[2m     \u001b[90m 55 |\u001b[39m })\u001b[0m\u001b[22m\n\u001b[2m\u001b[22m\n\u001b[2m      \u001b[2mat Object.<anonymous> (\u001b[22m\u001b[2m\u001b[0m\u001b[36mtestes/integrado/authController.int.test.ts\u001b[39m\u001b[0m\u001b[2m:52:33)\u001b[22m\u001b[2m\u001b[22m\n","name":"C:\\Users\\vinic\\.vscode\\projetos-pi-grupo-l\\PI6\\Projeto\\testes\\integrado\\authController.int.test.ts","startTime":1747922001173,"status":"failed","summary":""},{"assertionResults":[{"ancestorTitles":["loginUser"],"duration":3,"failureDetails":[],"failureMessages":[],"fullName":"loginUser deve realizar login com sucesso","invocations":1,"location":null,"numPassingAsserts":3,"retryReasons":[],"status":"passed","title":"deve realizar login com sucesso"},{"ancestorTitles":["loginUser"],"duration":2,"failureDetails":[],"failureMessages":[],"fullName":"loginUser deve exibir erro se a senha estiver incorreta","invocations":1,"location":null,"numPassingAsserts":1,"retryReasons":[],"status":"passed","title":"deve exibir erro se a senha estiver incorreta"},{"ancestorTitles":["loginUser"],"duration":1,"failureDetails":[],"failureMessages":[],"fullName":"loginUser deve exibir erro se usuário não existir","invocations":1,"location":null,"numPassingAsserts":1,"retryReasons":[],"status":"passed","title":"deve exibir erro se usuário não existir"},{"ancestorTitles":["handleResetPassword"],"duration":1,"failureDetails":[],"failureMessages":[],"fullName":"handleResetPassword deve atualizar a senha com sucesso","invocations":1,"location":null,"numPassingAsserts":3,"retryReasons":[],"status":"passed","title":"deve atualizar a senha com sucesso"},{"ancestorTitles":["handleResetPassword"],"duration":0,"failureDetails":[],"failureMessages":[],"fullName":"handleResetPassword deve retornar erro se senha for curta","invocations":1,"location":null,"numPassingAsserts":2,"retryReasons":[],"status":"passed","title":"deve retornar erro se senha for curta"}],"endTime":1747922002189,"message":"","name":"C:\\Users\\vinic\\.vscode\\projetos-pi-grupo-l\\PI6\\Projeto\\testes\\unitario\\authLogin.test.ts","startTime":1747922001975,"status":"passed","summary":""},{"assertionResults":[{"ancestorTitles":["formataNome"],"duration":0,"failureDetails":[],"failureMessages":[],"fullName":"formataNome deve formatar corretamente um nome simples","invocations":1,"location":null,"numPassingAsserts":1,"retryReasons":[],"status":"passed","title":"deve formatar corretamente um nome simples"},{"ancestorTitles":["formataNome"],"duration":0,"failureDetails":[],"failureMessages":[],"fullName":"formataNome deve lidar com múltiplos espaços","invocations":1,"location":null,"numPassingAsserts":1,"retryReasons":[],"status":"passed","title":"deve lidar com múltiplos espaços"},{"ancestorTitles":["formataNome"],"duration":1,"failureDetails":[],"failureMessages":[],"fullName":"formataNome deve retornar string vazia se receber string vazia","invocations":1,"location":null,"numPassingAsserts":1,"retryReasons":[],"status":"passed","title":"deve retornar string vazia se receber string vazia"}],"endTime":1747922002263,"message":"","name":"C:\\Users\\vinic\\.vscode\\projetos-pi-grupo-l\\PI6\\Projeto\\testes\\unitario\\perfilController.test.ts","startTime":1747922001957,"status":"passed","summary":""},{"assertionResults":[{"ancestorTitles":["registerUser"],"duration":3,"failureDetails":[],"failureMessages":[],"fullName":"registerUser deve registrar um usuário com dados válidos","invocations":1,"location":null,"numPassingAsserts":3,"retryReasons":[],"status":"passed","title":"deve registrar um usuário com dados válidos"},{"ancestorTitles":["registerUser"],"duration":35,"failureDetails":[],"failureMessages":[],"fullName":"registerUser deve retornar erro se os dados forem inválidos","invocations":1,"location":null,"numPassingAsserts":2,"retryReasons":[],"status":"passed","title":"deve retornar erro se os dados forem inválidos"}],"endTime":1747922002271,"message":"","name":"C:\\Users\\vinic\\.vscode\\projetos-pi-grupo-l\\PI6\\Projeto\\testes\\unitario\\authController.test.ts","startTime":1747922002020,"status":"passed","summary":""},{"assertionResults":[{"ancestorTitles":["renderDashBoardPage"],"duration":1,"failureDetails":[],"failureMessages":[],"fullName":"renderDashBoardPage deve redirecionar para login se não houver usuário na sessão","invocations":1,"location":null,"numPassingAsserts":1,"retryReasons":[],"status":"passed","title":"deve redirecionar para login se não houver usuário na sessão"},{"ancestorTitles":["renderDashBoardPage"],"duration":2,"failureDetails":[],"failureMessages":[],"fullName":"renderDashBoardPage deve consultar dados e renderizar o dashboard","invocations":1,"location":null,"numPassingAsserts":2,"retryReasons":[],"status":"passed","title":"deve consultar dados e renderizar o dashboard"},{"ancestorTitles":["totalDoacoesPorOng"],"duration":1,"failureDetails":[],"failureMessages":[],"fullName":"totalDoacoesPorOng deve renderizar total de doações por ONG","invocations":1,"location":null,"numPassingAsserts":1,"retryReasons":[],"status":"passed","title":"deve renderizar total de doações por ONG"},{"ancestorTitles":["totalDoacoesPorOng"],"duration":13,"failureDetails":[],"failureMessages":[],"fullName":"totalDoacoesPorOng deve retornar erro 500 se a consulta falhar","invocations":1,"location":null,"numPassingAsserts":2,"retryReasons":[],"status":"passed","title":"deve retornar erro 500 se a consulta falhar"}],"endTime":1747922002412,"message":"","name":"C:\\Users\\vinic\\.vscode\\projetos-pi-grupo-l\\PI6\\Projeto\\testes\\unitario\\dashboardController.test.ts","startTime":1747922002207,"status":"passed","summary":""},{"assertionResults":[{"ancestorTitles":["renderHomePage"],"duration":1,"failureDetails":[],"failureMessages":[],"fullName":"renderHomePage deve renderizar a página inicial com o título correto","invocations":1,"location":null,"numPassingAsserts":1,"retryReasons":[],"status":"passed","title":"deve renderizar a página inicial com o título correto"}],"endTime":1747922002490,"message":"","name":"C:\\Users\\vinic\\.vscode\\projetos-pi-grupo-l\\PI6\\Projeto\\testes\\unitario\\homeController.test.ts","startTime":1747922002307,"status":"passed","summary":""},{"assertionResults":[{"ancestorTitles":["renderNovaDoacaoPage"],"duration":2,"failureDetails":[],"failureMessages":[],"fullName":"renderNovaDoacaoPage deve redirecionar para login se não houver sessão","invocations":1,"location":null,"numPassingAsserts":1,"retryReasons":[],"status":"passed","title":"deve redirecionar para login se não houver sessão"},{"ancestorTitles":["renderNovaDoacaoPage"],"duration":3,"failureDetails":[],"failureMessages":[],"fullName":"renderNovaDoacaoPage deve retornar os dados com sucesso (modo teste)","invocations":1,"location":null,"numPassingAsserts":2,"retryReasons":[],"status":"passed","title":"deve retornar os dados com sucesso (modo teste)"},{"ancestorTitles":["criarDoacao"],"duration":1,"failureDetails":[],"failureMessages":[],"fullName":"criarDoacao deve redirecionar para login se o usuário não estiver autenticado","invocations":1,"location":null,"numPassingAsserts":1,"retryReasons":[],"status":"passed","title":"deve redirecionar para login se o usuário não estiver autenticado"},{"ancestorTitles":["criarDoacao"],"duration":1,"failureDetails":[],"failureMessages":[],"fullName":"criarDoacao deve recusar doação se usuário for inválido","invocations":1,"location":null,"numPassingAsserts":2,"retryReasons":[],"status":"passed","title":"deve recusar doação se usuário for inválido"},{"ancestorTitles":["criarDoacao"],"duration":2,"failureDetails":[],"failureMessages":[],"fullName":"criarDoacao deve registrar a doação com sucesso","invocations":1,"location":null,"numPassingAsserts":3,"retryReasons":[],"status":"passed","title":"deve registrar a doação com sucesso"},{"ancestorTitles":["totalDoacoesPorOng"],"duration":1,"failureDetails":[],"failureMessages":[],"fullName":"totalDoacoesPorOng deve retornar os dados corretamente em ambiente de teste","invocations":1,"location":null,"numPassingAsserts":2,"retryReasons":[],"status":"passed","title":"deve retornar os dados corretamente em ambiente de teste"},{"ancestorTitles":["totalDoacoesPorOng"],"duration":30,"failureDetails":[],"failureMessages":[],"fullName":"totalDoacoesPorOng deve retornar erro 500 se a consulta falhar","invocations":1,"location":null,"numPassingAsserts":2,"retryReasons":[],"status":"passed","title":"deve retornar erro 500 se a consulta falhar"}],"endTime":1747922002492,"message":"","name":"C:\\Users\\vinic\\.vscode\\projetos-pi-grupo-l\\PI6\\Projeto\\testes\\unitario\\doacaoController.test.ts","startTime":1747922002271,"status":"passed","summary":""}],"wasInterrupted":false}
