{
  "numFailedTestSuites": 0,
  "numFailedTests": 0,
  "numPassedTestSuites": 1,
  "numPassedTests": 3,
  "numPendingTestSuites": 0,
  "numPendingTests": 0,
  "numRuntimeErrorTestSuites": 0,
  "numTodoTests": 0,
  "numTotalTestSuites": 1,
  "numTotalTests": 3,
  "openHandles": [],
  "snapshot": {
    "added": 0,
    "didUpdate": false,
    "failure": false,
    "filesAdded": 0,
    "filesRemoved": 0,
    "filesRemovedList": [],
    "filesUnmatched": 0,
    "filesUpdated": 0,
    "matched": 0,
    "total": 0,
    "unchecked": 0,
    "uncheckedKeysByFile": [],
    "unmatched": 0,
    "updated": 0
  },
  "startTime": 1778463095021,
  "success": false,
  "testResults": [
    {
      "leaks": false,
      "numFailingTests": 0,
      "numPassingTests": 3,
      "numPendingTests": 0,
      "numTodoTests": 0,
      "openHandles": [],
      "perfStats": {
        "end": 1778463100418,
        "runtime": 4754,
        "slow": false,
        "start": 1778463095664
      },
      "skipped": false,
      "snapshot": {
        "added": 0,
        "fileDeleted": false,
        "matched": 0,
        "unchecked": 0,
        "uncheckedKeys": [],
        "unmatched": 0,
        "updated": 0
      },
      "testFilePath": "C:\\Users\\Milena\\tcc-2025-1-e-2-ongs-for-all\\OngsForAll\\OngsForAll\\Projeto\\testes\\unitario\\empresaService.test.ts",
      "testResults": [
        {
          "ancestorTitles": [
            "empresaService",
            "cadastrarEmpresa"
          ],
          "duration": 10,
          "failureDetails": [],
          "failureMessages": [],
          "fullName": "empresaService cadastrarEmpresa permite cadastro com CNPJ invalido e marca a empresa com restricao",
          "invocations": 1,
          "location": null,
          "numPassingAsserts": 3,
          "retryReasons": [],
          "status": "passed",
          "title": "permite cadastro com CNPJ invalido e marca a empresa com restricao"
        },
        {
          "ancestorTitles": [
            "empresaService",
            "cadastrarEmpresa"
          ],
          "duration": 3,
          "failureDetails": [],
          "failureMessages": [],
          "fullName": "empresaService cadastrarEmpresa mantem a razao social oficial e status validado quando o CNPJ passa na consulta",
          "invocations": 1,
          "location": null,
          "numPassingAsserts": 3,
          "retryReasons": [],
          "status": "passed",
          "title": "mantem a razao social oficial e status validado quando o CNPJ passa na consulta"
        },
        {
          "ancestorTitles": [
            "empresaService",
            "atualizarPerfilEmpresa"
          ],
          "duration": 4,
          "failureDetails": [],
          "failureMessages": [],
          "fullName": "empresaService atualizarPerfilEmpresa altera o email imediatamente e cria solicitacao pendente para um novo CNPJ valido",
          "invocations": 1,
          "location": null,
          "numPassingAsserts": 3,
          "retryReasons": [],
          "status": "passed",
          "title": "altera o email imediatamente e cria solicitacao pendente para um novo CNPJ valido"
        }
      ],
      "failureMessage": null
    }
  ],
  "wasInterrupted": false
}